[emqore0.wordpress.com/index.html]
[backblue.gif]
[fade.gif]
[index.html]
[emqore0.wordpress.com/wp-content/blog-plugins/marketing-bar/css/marketing-bar8f2b.css]
[emqore0.wordpress.com/wp-content/plugins/gutenberg-core/v20.6.0/build/block-library/blocks/navigation/style00e5.css]
[emqore0.wordpress.com/feed/index.html]
[emqore0.wordpress.com/_static/indexf1ce.html]
[emqore0.wordpress.com/comments/feed/index.html]
[emqore0.wordpress.com/wp-content/js/rlt-proxye978.js]
[emqore0.wordpress.com/xmlrpc0db0.php]
[emqore0.wordpress.com/osd.xml]
[emqore0.wordpress.com/wp-content/plugins/gutenberg-core/v20.6.0/build-module/block-library/navigation/view.mine048.js]
[emqore0.wordpress.com/wp-content/plugins/gutenberg-core/v20.6.0/build-module/interactivity/index.min2f0c.js]
[emqore0.wordpress.com/wp-content/mu-plugins/gravatar-hovercards/wpgrohoe8bd.js]
[emqore0.wordpress.com/2025/10/12/debtors/index.html]
[emqore0.wordpress.com/about/index.html]
[emqore0.wordpress.com/2025/10/12/administrators/index.html]
[emqore0.wordpress.com/index.html]
[emqore0.wordpress.com/wp-content/js/bilmur.min00e5.js]
[emqore0.wordpress.com/wp-content/blog-plugins/marketing-bar/images/wpcom-mark.svg]
[emqore0.wordpress.com/2025/10/11/hello-world/index.html]
[emqore0.wordpress.com/wp-content/blog-plugins/marketing-bar/images/jp-app.svg]
[emqore0.wordpress.com/wp-content/blog-plugins/marketing-bar/css/marketing-bar8f2b.css]
[emqore0.wordpress.com/wp-content/plugins/gutenberg-core/v20.6.0/build/block-library/blocks/navigation/style00e5.css]
[emqore0.wordpress.com/_static/indexd02a.html]
[emqore0.wordpress.com/_static/indexf1ce.html]
[emqore0.wordpress.com/wp-content/themes/h4/globalf753.css]
[emqore0.wordpress.com/about/index.html]
[emqore0.wordpress.com/wp-content/mu-plugins/comment-likes/js/comment-likes9835.js]
[emqore0.wordpress.com/2025/10/12/debtors/index.html]
[emqore0.wordpress.com/_static/indexe63c.html]
[emqore0.wordpress.com/2025/10/12/administrators/index.html]
[emqore0.wordpress.com/_static/index4ba4.html]
[emqore0.wordpress.com/_static/indexce81.html]
[emqore0.wordpress.com/wp-content/mu-plugins/jetpack-mu-wpcom-plugin/sun/jetpack_vendor/automattic/jetpack-mu-wpcom/src/build/verbum-comments/verbum-comments9fd9.css]
[emqore0.wordpress.com/wp-content/plugins/gutenberg-core/v20.6.0/build/hooks/index.min0e4e.js]
[emqore0.wordpress.com/wp-content/plugins/gutenberg-core/v20.6.0/build/i18n/index.minb892.js]
[emqore0.wordpress.com/about/feed/index.html]
[emqore0.wordpress.com/2025/10/12/debtors/feed/index.html]
[emqore0.wordpress.com/_static/index3b27.html]
[emqore0.wordpress.com/wp-content/mu-plugins/jetpack-mu-wpcom-plugin/sun/jetpack_vendor/automattic/jetpack-mu-wpcom/src/build/verbum-comments/assets/dynamic-loader07b7.js]
[emqore0.wordpress.com/2025/10/11/hello-world/index.html]
[emqore0.wordpress.com/_static/index61e7.html]
[emqore0.wordpress.com/wp-content/blog-plugins/marketing-bar/images/wpcom-mark.svg]
[emqore0.wordpress.com/wp-content/blog-plugins/marketing-bar/images/jp-app.svg]
[emqore0.wordpress.com/2025/10/12/administrators/feed/index.html]
[emqore0.wordpress.com/wp-content/blog-plugins/marketing-bar/images/arrow.svg]
[emqore0.wordpress.com/_static/index5abb.html]
[emqore0.wordpress.com/_static/indexe63c.html]
[emqore0.wordpress.com/_static/index79d0.html]
[emqore0.wordpress.com/2025/10/11/hello-world/feed/index.html]
[emqore0.wordpress.com/i/noticons/Noticonsd41d.eot]
[emqore0.wordpress.com/i/noticons/Noticons.ttf]
[emqore0.wordpress.com/_static/index4ba4.html]
[emqore0.wordpress.com/_static/indexce81.html]
[emqore0.wordpress.com/_static/index3b27.html]
[emqore0.wordpress.com/2025/10/12/debtors/index9a7b.html]
[emqore0.wordpress.com/2025/10/12/debtors/index5a58.html]
[emqore0.wordpress.com/2025/10/12/administrators/index9a7b.html]
[emqore0.wordpress.com/2025/10/12/administrators/index5a58.html]
[emqore0.wordpress.com/wp-content/mu-plugins/jetpack-mu-wpcom-plugin/sun/jetpack_vendor/automattic/jetpack-mu-wpcom/src/build/verbum-comments/verbum-comments9fd9.css]
[emqore0.wordpress.com/i/noticons/Noticons.svg]
[emqore0.wordpress.com/i/noticons/Noticons.svg]
